2022-04-02 03:06:38,999 [Worker-0: Loading available Gradle versions] INFO  o.e.b.c.i.u.g.PublishedGradleVersions - Gradle version information cache is up-to-date. Trying to read.
2022-04-02 03:06:40,210 [Worker-2: Initialize Workspace] WARN  o.e.m.c.i.markers.MarkerUtils - Could not find OSGI service for org.eclipse.m2e.core.internal.markers.IEditorMarkerService
2022-04-02 03:06:41,233 [Worker-2: Initialize Workspace] INFO  o.e.m.c.i.e.AbstractTransferListenerAdapter - Downloading https://repo.maven.apache.org/maven2/org/apache/maven/plugins/maven-clean-plugin/2.5/maven-clean-plugin-2.5.jar
2022-04-02 03:06:41,463 [Worker-2: Initialize Workspace] INFO  o.e.m.c.i.e.AbstractTransferListenerAdapter - Downloaded https://repo.maven.apache.org/maven2/org/apache/maven/plugins/maven-clean-plugin/2.5/maven-clean-plugin-2.5.jar
2022-04-02 03:06:41,623 [Worker-2: Initialize Workspace] INFO  o.e.m.c.i.e.AbstractTransferListenerAdapter - Downloading https://repo.maven.apache.org/maven2/org/apache/maven/plugins/maven-install-plugin/2.4/maven-install-plugin-2.4.jar
2022-04-02 03:06:41,768 [Worker-2: Initialize Workspace] INFO  o.e.m.c.i.e.AbstractTransferListenerAdapter - Downloaded https://repo.maven.apache.org/maven2/org/apache/maven/plugins/maven-install-plugin/2.4/maven-install-plugin-2.4.jar
2022-04-02 03:06:41,908 [Worker-2: Initialize Workspace] INFO  o.e.m.c.i.e.AbstractTransferListenerAdapter - Downloading https://repo.maven.apache.org/maven2/org/apache/maven/plugins/maven-deploy-plugin/2.7/maven-deploy-plugin-2.7.jar
2022-04-02 03:06:42,053 [Worker-2: Initialize Workspace] INFO  o.e.m.c.i.e.AbstractTransferListenerAdapter - Downloaded https://repo.maven.apache.org/maven2/org/apache/maven/plugins/maven-deploy-plugin/2.7/maven-deploy-plugin-2.7.jar
2022-04-02 03:06:42,180 [Worker-2: Initialize Workspace] INFO  o.e.m.c.i.e.AbstractTransferListenerAdapter - Downloading https://repo.maven.apache.org/maven2/org/apache/maven/plugins/maven-site-plugin/3.3/maven-site-plugin-3.3.jar
2022-04-02 03:06:42,593 [Worker-2: Initialize Workspace] INFO  o.e.m.c.i.e.AbstractTransferListenerAdapter - Downloaded https://repo.maven.apache.org/maven2/org/apache/maven/plugins/maven-site-plugin/3.3/maven-site-plugin-3.3.jar
2022-04-02 03:06:43,444 [Worker-2: Initialize Workspace] INFO  o.e.m.c.i.l.LifecycleMappingFactory - Using org.eclipse.m2e.jdt.JarLifecycleMapping lifecycle mapping for MavenProject: org.javacs:javac-services:0.1-SNAPSHOT @ /Users/tuananh/.config/nvimbackup/java-language-server-master/pom.xml.
2022-04-02 03:06:43,822 [Worker-2: Initialize Workspace] INFO  o.e.m.j.i.AbstractJavaProjectConfigurator - Adding source folder /javac-services/src/main/java
2022-04-02 03:06:43,823 [Worker-2: Initialize Workspace] INFO  o.e.m.j.i.AbstractJavaProjectConfigurator - Adding source folder /javac-services/src/test/java
2022-04-02 03:06:44,270 [Worker-2: Initialize Workspace] INFO  o.e.m.c.i.p.ProjectConfigurationManager - Imported and configured 1 project(s) in 4 sec
2022-04-02 03:06:59,874 [Worker-0: Loading available Gradle versions] INFO  o.e.b.c.i.u.g.PublishedGradleVersions - Gradle version information cache is up-to-date. Trying to read.
2022-04-02 03:07:07,094 [Worker-0: Building] WARN  o.e.m.c.i.embedder.EclipseLogger - Using platform encoding (utf-8 actually) to copy filtered resources, i.e. build is platform dependent!
2022-04-02 03:07:07,095 [Worker-0: Building] INFO  o.e.m.c.i.embedder.EclipseLogger - skip non existing resourceDirectory /Users/tuananh/.config/nvimbackup/java-language-server-master/src/main/resources
2022-04-02 03:07:07,096 [Worker-0: Building] WARN  o.e.m.c.i.embedder.EclipseLogger - Using platform encoding (utf-8 actually) to copy filtered resources, i.e. build is platform dependent!
2022-04-02 03:07:07,097 [Worker-0: Building] INFO  o.e.m.c.i.embedder.EclipseLogger - skip non existing resourceDirectory /Users/tuananh/.config/nvimbackup/java-language-server-master/src/test/resources
2022-04-02 18:41:08,100 [Worker-0: Loading available Gradle versions] INFO  o.e.b.c.i.u.g.PublishedGradleVersions - Gradle version information cache is up-to-date. Trying to read.
2022-04-02 18:41:11,876 [Worker-3: Building] WARN  o.e.m.c.i.embedder.EclipseLogger - Using platform encoding (utf-8 actually) to copy filtered resources, i.e. build is platform dependent!
2022-04-02 18:41:11,876 [Worker-3: Building] INFO  o.e.m.c.i.embedder.EclipseLogger - skip non existing resourceDirectory /Users/tuananh/.config/nvimbackup/java-language-server-master/src/main/resources
2022-04-02 18:41:11,877 [Worker-3: Building] WARN  o.e.m.c.i.embedder.EclipseLogger - Using platform encoding (utf-8 actually) to copy filtered resources, i.e. build is platform dependent!
2022-04-02 18:41:11,878 [Worker-3: Building] INFO  o.e.m.c.i.embedder.EclipseLogger - skip non existing resourceDirectory /Users/tuananh/.config/nvimbackup/java-language-server-master/src/test/resources
2022-04-04 19:15:05,470 [Worker-3: Loading available Gradle versions] INFO  o.e.b.c.i.u.g.PublishedGradleVersions - Gradle version information cache is up-to-date. Trying to read.
2022-04-04 19:15:09,187 [Worker-1: Building] WARN  o.e.m.c.i.embedder.EclipseLogger - Using platform encoding (utf-8 actually) to copy filtered resources, i.e. build is platform dependent!
2022-04-04 19:15:09,187 [Worker-1: Building] INFO  o.e.m.c.i.embedder.EclipseLogger - skip non existing resourceDirectory /Users/tuananh/.config/nvimbackup/java-language-server-master/src/main/resources
2022-04-04 19:15:09,189 [Worker-1: Building] WARN  o.e.m.c.i.embedder.EclipseLogger - Using platform encoding (utf-8 actually) to copy filtered resources, i.e. build is platform dependent!
2022-04-04 19:15:09,189 [Worker-1: Building] INFO  o.e.m.c.i.embedder.EclipseLogger - skip non existing resourceDirectory /Users/tuananh/.config/nvimbackup/java-language-server-master/src/test/resources
2022-04-28 00:56:07,731 [Worker-1: Loading available Gradle versions] INFO  o.e.b.c.i.u.g.PublishedGradleVersions - Gradle version information cache is up-to-date. Trying to read.
2022-04-28 00:56:12,162 [Worker-5: Building] WARN  o.e.m.c.i.embedder.EclipseLogger - Using platform encoding (utf-8 actually) to copy filtered resources, i.e. build is platform dependent!
2022-04-28 00:56:12,162 [Worker-5: Building] INFO  o.e.m.c.i.embedder.EclipseLogger - skip non existing resourceDirectory /Users/tuananh/.config/nvimbackup/java-language-server-master/src/main/resources
2022-04-28 00:56:12,164 [Worker-5: Building] WARN  o.e.m.c.i.embedder.EclipseLogger - Using platform encoding (utf-8 actually) to copy filtered resources, i.e. build is platform dependent!
2022-04-28 00:56:12,164 [Worker-5: Building] INFO  o.e.m.c.i.embedder.EclipseLogger - skip non existing resourceDirectory /Users/tuananh/.config/nvimbackup/java-language-server-master/src/test/resources
